[2023-07-01 18:44:32,871] [66 mysql.connector INFO] package: mysql.connector.plugins
[2023-07-01 18:44:32,872] [67 mysql.connector INFO] plugin_name: caching_sha2_password
[2023-07-01 18:44:32,874] [71 mysql.connector INFO] AUTHENTICATION_PLUGIN_CLASS: MySQLCachingSHA2PasswordAuthPlugin
[2023-07-01 18:44:33,138] [29 root INFO] Found [('matches',), ('model_data',)] data tables on database
[2023-07-01 18:44:36,691] [31 root INFO] Data loaded from database
[2023-07-01 18:44:36,735] [33 root INFO] Matches loaded from database
[2023-07-01 18:45:16,131] [18 root INFO] Loaded the file <_io.BufferedReader name='artifacts\\preprocessor.pkl'>
[2023-07-01 18:45:16,132] [18 root INFO] Loaded the file <_io.BufferedReader name='artifacts\\model.pkl'>
[2023-07-01 18:45:33,505] [18 root INFO] Loaded the file <_io.BufferedReader name='artifacts\\preprocessor.pkl'>
[2023-07-01 18:45:33,506] [18 root INFO] Loaded the file <_io.BufferedReader name='artifacts\\model.pkl'>
[2023-07-01 18:45:51,771] [29 root INFO] Found [('matches',), ('model_data',)] data tables on database
[2023-07-01 18:45:55,102] [31 root INFO] Data loaded from database
[2023-07-01 18:45:55,144] [33 root INFO] Matches loaded from database
[2023-07-01 18:45:55,191] [18 root INFO] Loaded the file <_io.BufferedReader name='artifacts\\preprocessor.pkl'>
[2023-07-01 18:45:55,191] [18 root INFO] Loaded the file <_io.BufferedReader name='artifacts\\model.pkl'>
[2023-07-01 18:46:00,578] [18 root INFO] Loaded the file <_io.BufferedReader name='artifacts\\preprocessor.pkl'>
[2023-07-01 18:46:00,592] [18 root INFO] Loaded the file <_io.BufferedReader name='artifacts\\model.pkl'>
[2023-07-01 18:46:09,767] [18 root INFO] Loaded the file <_io.BufferedReader name='artifacts\\preprocessor.pkl'>
[2023-07-01 18:46:09,768] [18 root INFO] Loaded the file <_io.BufferedReader name='artifacts\\model.pkl'>
[2023-07-01 18:46:18,079] [18 root INFO] Loaded the file <_io.BufferedReader name='artifacts\\preprocessor.pkl'>
[2023-07-01 18:46:18,079] [18 root INFO] Loaded the file <_io.BufferedReader name='artifacts\\model.pkl'>
[2023-07-01 18:46:21,549] [18 root INFO] Loaded the file <_io.BufferedReader name='artifacts\\preprocessor.pkl'>
[2023-07-01 18:46:21,549] [18 root INFO] Loaded the file <_io.BufferedReader name='artifacts\\model.pkl'>
[2023-07-01 18:46:25,149] [18 root INFO] Loaded the file <_io.BufferedReader name='artifacts\\preprocessor.pkl'>
[2023-07-01 18:46:25,149] [18 root INFO] Loaded the file <_io.BufferedReader name='artifacts\\model.pkl'>
[2023-07-01 18:46:39,112] [18 root INFO] Loaded the file <_io.BufferedReader name='artifacts\\preprocessor.pkl'>
[2023-07-01 18:46:39,112] [18 root INFO] Loaded the file <_io.BufferedReader name='artifacts\\model.pkl'>
[2023-07-01 18:47:00,178] [18 root INFO] Loaded the file <_io.BufferedReader name='artifacts\\preprocessor.pkl'>
[2023-07-01 18:47:00,179] [18 root INFO] Loaded the file <_io.BufferedReader name='artifacts\\model.pkl'>
[2023-07-01 18:47:07,998] [18 root INFO] Loaded the file <_io.BufferedReader name='artifacts\\preprocessor.pkl'>
[2023-07-01 18:47:07,998] [18 root INFO] Loaded the file <_io.BufferedReader name='artifacts\\model.pkl'>
[2023-07-01 18:47:17,187] [18 root INFO] Loaded the file <_io.BufferedReader name='artifacts\\preprocessor.pkl'>
[2023-07-01 18:47:17,187] [18 root INFO] Loaded the file <_io.BufferedReader name='artifacts\\model.pkl'>
[2023-07-01 18:47:19,817] [18 root INFO] Loaded the file <_io.BufferedReader name='artifacts\\preprocessor.pkl'>
[2023-07-01 18:47:19,817] [18 root INFO] Loaded the file <_io.BufferedReader name='artifacts\\model.pkl'>
[2023-07-01 18:47:24,081] [18 root INFO] Loaded the file <_io.BufferedReader name='artifacts\\preprocessor.pkl'>
[2023-07-01 18:47:24,081] [18 root INFO] Loaded the file <_io.BufferedReader name='artifacts\\model.pkl'>
[2023-07-01 18:47:47,253] [18 root INFO] Loaded the file <_io.BufferedReader name='artifacts\\preprocessor.pkl'>
[2023-07-01 18:47:47,254] [18 root INFO] Loaded the file <_io.BufferedReader name='artifacts\\model.pkl'>
[2023-07-01 18:47:52,484] [18 root INFO] Loaded the file <_io.BufferedReader name='artifacts\\preprocessor.pkl'>
[2023-07-01 18:47:52,484] [18 root INFO] Loaded the file <_io.BufferedReader name='artifacts\\model.pkl'>
[2023-07-01 18:47:57,989] [18 root INFO] Loaded the file <_io.BufferedReader name='artifacts\\preprocessor.pkl'>
[2023-07-01 18:47:57,989] [18 root INFO] Loaded the file <_io.BufferedReader name='artifacts\\model.pkl'>
[2023-07-01 18:48:35,655] [18 root INFO] Loaded the file <_io.BufferedReader name='artifacts\\preprocessor.pkl'>
[2023-07-01 18:48:35,657] [18 root INFO] Loaded the file <_io.BufferedReader name='artifacts\\model.pkl'>
[2023-07-01 18:48:42,159] [18 root INFO] Loaded the file <_io.BufferedReader name='artifacts\\preprocessor.pkl'>
[2023-07-01 18:48:42,160] [18 root INFO] Loaded the file <_io.BufferedReader name='artifacts\\model.pkl'>
