[2023-07-01 22:34:13,566] [66 mysql.connector INFO] package: mysql.connector.plugins
[2023-07-01 22:34:13,566] [67 mysql.connector INFO] plugin_name: caching_sha2_password
[2023-07-01 22:34:13,568] [71 mysql.connector INFO] AUTHENTICATION_PLUGIN_CLASS: MySQLCachingSHA2PasswordAuthPlugin
[2023-07-01 22:35:23,745] [18 root INFO] Loaded the file <_io.BufferedReader name='artifacts\\preprocessor.pkl'>
[2023-07-01 22:35:23,748] [18 root INFO] Loaded the file <_io.BufferedReader name='artifacts\\model.pkl'>
[2023-07-01 22:35:38,811] [18 root INFO] Loaded the file <_io.BufferedReader name='artifacts\\preprocessor.pkl'>
[2023-07-01 22:35:38,813] [18 root INFO] Loaded the file <_io.BufferedReader name='artifacts\\model.pkl'>
[2023-07-01 22:35:59,817] [18 root INFO] Loaded the file <_io.BufferedReader name='artifacts\\preprocessor.pkl'>
[2023-07-01 22:35:59,818] [18 root INFO] Loaded the file <_io.BufferedReader name='artifacts\\model.pkl'>
[2023-07-01 22:36:28,187] [18 root INFO] Loaded the file <_io.BufferedReader name='artifacts\\preprocessor.pkl'>
[2023-07-01 22:36:28,188] [18 root INFO] Loaded the file <_io.BufferedReader name='artifacts\\model.pkl'>
[2023-07-01 22:36:34,239] [18 root INFO] Loaded the file <_io.BufferedReader name='artifacts\\preprocessor.pkl'>
[2023-07-01 22:36:34,249] [18 root INFO] Loaded the file <_io.BufferedReader name='artifacts\\model.pkl'>
[2023-07-01 22:36:42,211] [18 root INFO] Loaded the file <_io.BufferedReader name='artifacts\\preprocessor.pkl'>
[2023-07-01 22:36:42,212] [18 root INFO] Loaded the file <_io.BufferedReader name='artifacts\\model.pkl'>
[2023-07-01 22:36:50,563] [18 root INFO] Loaded the file <_io.BufferedReader name='artifacts\\preprocessor.pkl'>
[2023-07-01 22:36:50,563] [18 root INFO] Loaded the file <_io.BufferedReader name='artifacts\\model.pkl'>
[2023-07-01 22:37:00,160] [18 root INFO] Loaded the file <_io.BufferedReader name='artifacts\\preprocessor.pkl'>
[2023-07-01 22:37:00,162] [18 root INFO] Loaded the file <_io.BufferedReader name='artifacts\\model.pkl'>
[2023-07-01 22:37:08,855] [18 root INFO] Loaded the file <_io.BufferedReader name='artifacts\\preprocessor.pkl'>
[2023-07-01 22:37:08,855] [18 root INFO] Loaded the file <_io.BufferedReader name='artifacts\\model.pkl'>
[2023-07-01 22:45:05,935] [18 root INFO] Loaded the file <_io.BufferedReader name='artifacts\\preprocessor.pkl'>
[2023-07-01 22:45:05,936] [18 root INFO] Loaded the file <_io.BufferedReader name='artifacts\\model.pkl'>
[2023-07-01 22:45:30,311] [18 root INFO] Loaded the file <_io.BufferedReader name='artifacts\\preprocessor.pkl'>
[2023-07-01 22:45:30,313] [18 root INFO] Loaded the file <_io.BufferedReader name='artifacts\\model.pkl'>
[2023-07-01 22:45:43,033] [18 root INFO] Loaded the file <_io.BufferedReader name='artifacts\\preprocessor.pkl'>
[2023-07-01 22:45:43,034] [18 root INFO] Loaded the file <_io.BufferedReader name='artifacts\\model.pkl'>
[2023-07-01 22:45:50,191] [18 root INFO] Loaded the file <_io.BufferedReader name='artifacts\\preprocessor.pkl'>
[2023-07-01 22:45:50,192] [18 root INFO] Loaded the file <_io.BufferedReader name='artifacts\\model.pkl'>
[2023-07-01 22:46:12,982] [18 root INFO] Loaded the file <_io.BufferedReader name='artifacts\\preprocessor.pkl'>
[2023-07-01 22:46:12,983] [18 root INFO] Loaded the file <_io.BufferedReader name='artifacts\\model.pkl'>
[2023-07-01 22:46:30,169] [18 root INFO] Loaded the file <_io.BufferedReader name='artifacts\\preprocessor.pkl'>
[2023-07-01 22:46:30,169] [18 root INFO] Loaded the file <_io.BufferedReader name='artifacts\\model.pkl'>
[2023-07-01 22:46:33,909] [18 root INFO] Loaded the file <_io.BufferedReader name='artifacts\\preprocessor.pkl'>
[2023-07-01 22:46:33,910] [18 root INFO] Loaded the file <_io.BufferedReader name='artifacts\\model.pkl'>
[2023-07-01 22:46:42,363] [18 root INFO] Loaded the file <_io.BufferedReader name='artifacts\\preprocessor.pkl'>
[2023-07-01 22:46:42,363] [18 root INFO] Loaded the file <_io.BufferedReader name='artifacts\\model.pkl'>
[2023-07-01 22:48:31,166] [18 root INFO] Loaded the file <_io.BufferedReader name='artifacts\\preprocessor.pkl'>
[2023-07-01 22:48:31,167] [18 root INFO] Loaded the file <_io.BufferedReader name='artifacts\\model.pkl'>
[2023-07-01 22:49:14,904] [18 root INFO] Loaded the file <_io.BufferedReader name='artifacts\\preprocessor.pkl'>
[2023-07-01 22:49:14,904] [18 root INFO] Loaded the file <_io.BufferedReader name='artifacts\\model.pkl'>
[2023-07-01 22:50:06,922] [18 root INFO] Loaded the file <_io.BufferedReader name='artifacts\\preprocessor.pkl'>
[2023-07-01 22:50:06,922] [18 root INFO] Loaded the file <_io.BufferedReader name='artifacts\\model.pkl'>
[2023-07-01 22:50:13,575] [18 root INFO] Loaded the file <_io.BufferedReader name='artifacts\\preprocessor.pkl'>
[2023-07-01 22:50:13,575] [18 root INFO] Loaded the file <_io.BufferedReader name='artifacts\\model.pkl'>
[2023-07-01 22:50:20,797] [18 root INFO] Loaded the file <_io.BufferedReader name='artifacts\\preprocessor.pkl'>
[2023-07-01 22:50:20,800] [18 root INFO] Loaded the file <_io.BufferedReader name='artifacts\\model.pkl'>
[2023-07-01 22:50:47,275] [18 root INFO] Loaded the file <_io.BufferedReader name='artifacts\\preprocessor.pkl'>
[2023-07-01 22:50:47,275] [18 root INFO] Loaded the file <_io.BufferedReader name='artifacts\\model.pkl'>
[2023-07-01 22:51:00,256] [18 root INFO] Loaded the file <_io.BufferedReader name='artifacts\\preprocessor.pkl'>
[2023-07-01 22:51:00,256] [18 root INFO] Loaded the file <_io.BufferedReader name='artifacts\\model.pkl'>
[2023-07-01 22:51:23,863] [18 root INFO] Loaded the file <_io.BufferedReader name='artifacts\\preprocessor.pkl'>
[2023-07-01 22:51:23,864] [18 root INFO] Loaded the file <_io.BufferedReader name='artifacts\\model.pkl'>
[2023-07-01 22:53:01,006] [18 root INFO] Loaded the file <_io.BufferedReader name='artifacts\\preprocessor.pkl'>
[2023-07-01 22:53:01,006] [18 root INFO] Loaded the file <_io.BufferedReader name='artifacts\\model.pkl'>
[2023-07-01 22:53:37,226] [18 root INFO] Loaded the file <_io.BufferedReader name='artifacts\\preprocessor.pkl'>
[2023-07-01 22:53:37,227] [18 root INFO] Loaded the file <_io.BufferedReader name='artifacts\\model.pkl'>
[2023-07-01 22:54:11,487] [18 root INFO] Loaded the file <_io.BufferedReader name='artifacts\\preprocessor.pkl'>
[2023-07-01 22:54:11,488] [18 root INFO] Loaded the file <_io.BufferedReader name='artifacts\\model.pkl'>
